CRITICAL - 2023-09-16 23:38:59 --> Undefined variable $dato
in APPPATH\Views\categorias.php on line 184.
 1 APPPATH\Views\categorias.php(184): CodeIgniter\Debug\Exceptions->errorHandler(2, 'Undefined variable $dato', 'C:\\xampp\\htdocs\\Punto_De_Venta\\app\\Views\\categorias.php', 184)
 2 SYSTEMPATH\View\View.php(226): include('C:\\xampp\\htdocs\\Punto_De_Venta\\app\\Views\\categorias.php')
 3 SYSTEMPATH\View\View.php(229): CodeIgniter\View\View->CodeIgniter\View\{closure}()
 4 SYSTEMPATH\Common.php(1178): CodeIgniter\View\View->render('categorias', [], true)
 5 APPPATH\Controllers\CategoriasController.php(29): view('categorias', [...])
 6 SYSTEMPATH\CodeIgniter.php(915): App\Controllers\CategoriasController->categoria()
 7 SYSTEMPATH\CodeIgniter.php(492): CodeIgniter\CodeIgniter->runController(Object(App\Controllers\CategoriasController))
 8 SYSTEMPATH\CodeIgniter.php(353): CodeIgniter\CodeIgniter->handleRequest(null, Object(Config\Cache), false)
 9 FCPATH\index.php(79): CodeIgniter\CodeIgniter->run()
CRITICAL - 2023-09-16 23:39:26 --> Undefined variable $dato
in APPPATH\Views\categorias.php on line 184.
 1 APPPATH\Views\categorias.php(184): CodeIgniter\Debug\Exceptions->errorHandler(2, 'Undefined variable $dato', 'C:\\xampp\\htdocs\\Punto_De_Venta\\app\\Views\\categorias.php', 184)
 2 SYSTEMPATH\View\View.php(226): include('C:\\xampp\\htdocs\\Punto_De_Venta\\app\\Views\\categorias.php')
 3 SYSTEMPATH\View\View.php(229): CodeIgniter\View\View->CodeIgniter\View\{closure}()
 4 SYSTEMPATH\Common.php(1178): CodeIgniter\View\View->render('categorias', [], true)
 5 APPPATH\Controllers\CategoriasController.php(29): view('categorias', [...])
 6 SYSTEMPATH\CodeIgniter.php(915): App\Controllers\CategoriasController->categoria()
 7 SYSTEMPATH\CodeIgniter.php(492): CodeIgniter\CodeIgniter->runController(Object(App\Controllers\CategoriasController))
 8 SYSTEMPATH\CodeIgniter.php(353): CodeIgniter\CodeIgniter->handleRequest(null, Object(Config\Cache), false)
 9 FCPATH\index.php(79): CodeIgniter\CodeIgniter->run()
CRITICAL - 2023-09-16 23:39:52 --> Undefined variable $dato
in APPPATH\Views\categorias.php on line 184.
 1 APPPATH\Views\categorias.php(184): CodeIgniter\Debug\Exceptions->errorHandler(2, 'Undefined variable $dato', 'C:\\xampp\\htdocs\\Punto_De_Venta\\app\\Views\\categorias.php', 184)
 2 SYSTEMPATH\View\View.php(226): include('C:\\xampp\\htdocs\\Punto_De_Venta\\app\\Views\\categorias.php')
 3 SYSTEMPATH\View\View.php(229): CodeIgniter\View\View->CodeIgniter\View\{closure}()
 4 SYSTEMPATH\Common.php(1178): CodeIgniter\View\View->render('categorias', [], true)
 5 APPPATH\Controllers\CategoriasController.php(29): view('categorias', [...])
 6 SYSTEMPATH\CodeIgniter.php(915): App\Controllers\CategoriasController->categoria()
 7 SYSTEMPATH\CodeIgniter.php(492): CodeIgniter\CodeIgniter->runController(Object(App\Controllers\CategoriasController))
 8 SYSTEMPATH\CodeIgniter.php(353): CodeIgniter\CodeIgniter->handleRequest(null, Object(Config\Cache), false)
 9 FCPATH\index.php(79): CodeIgniter\CodeIgniter->run()
CRITICAL - 2023-09-16 23:39:56 --> Undefined variable $dato
in APPPATH\Views\categorias.php on line 184.
 1 APPPATH\Views\categorias.php(184): CodeIgniter\Debug\Exceptions->errorHandler(2, 'Undefined variable $dato', 'C:\\xampp\\htdocs\\Punto_De_Venta\\app\\Views\\categorias.php', 184)
 2 SYSTEMPATH\View\View.php(226): include('C:\\xampp\\htdocs\\Punto_De_Venta\\app\\Views\\categorias.php')
 3 SYSTEMPATH\View\View.php(229): CodeIgniter\View\View->CodeIgniter\View\{closure}()
 4 SYSTEMPATH\Common.php(1178): CodeIgniter\View\View->render('categorias', [], true)
 5 APPPATH\Controllers\CategoriasController.php(29): view('categorias', [...])
 6 SYSTEMPATH\CodeIgniter.php(915): App\Controllers\CategoriasController->categoria()
 7 SYSTEMPATH\CodeIgniter.php(492): CodeIgniter\CodeIgniter->runController(Object(App\Controllers\CategoriasController))
 8 SYSTEMPATH\CodeIgniter.php(353): CodeIgniter\CodeIgniter->handleRequest(null, Object(Config\Cache), false)
 9 FCPATH\index.php(79): CodeIgniter\CodeIgniter->run()
CRITICAL - 2023-09-16 23:40:50 --> Undefined variable $dato
in APPPATH\Views\categorias.php on line 184.
 1 APPPATH\Views\categorias.php(184): CodeIgniter\Debug\Exceptions->errorHandler(2, 'Undefined variable $dato', 'C:\\xampp\\htdocs\\Punto_De_Venta\\app\\Views\\categorias.php', 184)
 2 SYSTEMPATH\View\View.php(226): include('C:\\xampp\\htdocs\\Punto_De_Venta\\app\\Views\\categorias.php')
 3 SYSTEMPATH\View\View.php(229): CodeIgniter\View\View->CodeIgniter\View\{closure}()
 4 SYSTEMPATH\Common.php(1178): CodeIgniter\View\View->render('categorias', [], true)
 5 APPPATH\Controllers\CategoriasController.php(29): view('categorias', [...])
 6 SYSTEMPATH\CodeIgniter.php(915): App\Controllers\CategoriasController->categoria()
 7 SYSTEMPATH\CodeIgniter.php(492): CodeIgniter\CodeIgniter->runController(Object(App\Controllers\CategoriasController))
 8 SYSTEMPATH\CodeIgniter.php(353): CodeIgniter\CodeIgniter->handleRequest(null, Object(Config\Cache), false)
 9 FCPATH\index.php(79): CodeIgniter\CodeIgniter->run()
CRITICAL - 2023-09-16 23:40:52 --> Undefined variable $dato
in APPPATH\Views\categorias.php on line 184.
 1 APPPATH\Views\categorias.php(184): CodeIgniter\Debug\Exceptions->errorHandler(2, 'Undefined variable $dato', 'C:\\xampp\\htdocs\\Punto_De_Venta\\app\\Views\\categorias.php', 184)
 2 SYSTEMPATH\View\View.php(226): include('C:\\xampp\\htdocs\\Punto_De_Venta\\app\\Views\\categorias.php')
 3 SYSTEMPATH\View\View.php(229): CodeIgniter\View\View->CodeIgniter\View\{closure}()
 4 SYSTEMPATH\Common.php(1178): CodeIgniter\View\View->render('categorias', [], true)
 5 APPPATH\Controllers\CategoriasController.php(29): view('categorias', [...])
 6 SYSTEMPATH\CodeIgniter.php(915): App\Controllers\CategoriasController->categoria()
 7 SYSTEMPATH\CodeIgniter.php(492): CodeIgniter\CodeIgniter->runController(Object(App\Controllers\CategoriasController))
 8 SYSTEMPATH\CodeIgniter.php(353): CodeIgniter\CodeIgniter->handleRequest(null, Object(Config\Cache), false)
 9 FCPATH\index.php(79): CodeIgniter\CodeIgniter->run()
CRITICAL - 2023-09-16 23:41:58 --> Undefined variable $dato
in APPPATH\Views\categorias.php on line 184.
 1 APPPATH\Views\categorias.php(184): CodeIgniter\Debug\Exceptions->errorHandler(2, 'Undefined variable $dato', 'C:\\xampp\\htdocs\\Punto_De_Venta\\app\\Views\\categorias.php', 184)
 2 SYSTEMPATH\View\View.php(226): include('C:\\xampp\\htdocs\\Punto_De_Venta\\app\\Views\\categorias.php')
 3 SYSTEMPATH\View\View.php(229): CodeIgniter\View\View->CodeIgniter\View\{closure}()
 4 SYSTEMPATH\Common.php(1178): CodeIgniter\View\View->render('categorias', [], true)
 5 APPPATH\Controllers\CategoriasController.php(29): view('categorias', [...])
 6 SYSTEMPATH\CodeIgniter.php(915): App\Controllers\CategoriasController->categoria()
 7 SYSTEMPATH\CodeIgniter.php(492): CodeIgniter\CodeIgniter->runController(Object(App\Controllers\CategoriasController))
 8 SYSTEMPATH\CodeIgniter.php(353): CodeIgniter\CodeIgniter->handleRequest(null, Object(Config\Cache), false)
 9 FCPATH\index.php(79): CodeIgniter\CodeIgniter->run()
CRITICAL - 2023-09-16 23:46:14 --> Call to undefined method App\Controllers\CategoriasController::categorias()
in APPPATH\Controllers\CategoriasController.php on line 85.
 1 SYSTEMPATH\CodeIgniter.php(915): App\Controllers\CategoriasController->guardar()
 2 SYSTEMPATH\CodeIgniter.php(492): CodeIgniter\CodeIgniter->runController(Object(App\Controllers\CategoriasController))
 3 SYSTEMPATH\CodeIgniter.php(353): CodeIgniter\CodeIgniter->handleRequest(null, Object(Config\Cache), false)
 4 FCPATH\index.php(79): CodeIgniter\CodeIgniter->run()
CRITICAL - 2023-09-16 23:48:14 --> Call to undefined method App\Controllers\CategoriasController::vercategorias()
in APPPATH\Controllers\CategoriasController.php on line 85.
 1 SYSTEMPATH\CodeIgniter.php(915): App\Controllers\CategoriasController->guardar()
 2 SYSTEMPATH\CodeIgniter.php(492): CodeIgniter\CodeIgniter->runController(Object(App\Controllers\CategoriasController))
 3 SYSTEMPATH\CodeIgniter.php(353): CodeIgniter\CodeIgniter->handleRequest(null, Object(Config\Cache), false)
 4 FCPATH\index.php(79): CodeIgniter\CodeIgniter->run()
CRITICAL - 2023-09-16 23:48:23 --> Call to undefined method App\Controllers\CategoriasController::categorias()
in APPPATH\Controllers\CategoriasController.php on line 35.
 1 SYSTEMPATH\CodeIgniter.php(915): App\Controllers\CategoriasController->eliminar('3')
 2 SYSTEMPATH\CodeIgniter.php(492): CodeIgniter\CodeIgniter->runController(Object(App\Controllers\CategoriasController))
 3 SYSTEMPATH\CodeIgniter.php(353): CodeIgniter\CodeIgniter->handleRequest(null, Object(Config\Cache), false)
 4 FCPATH\index.php(79): CodeIgniter\CodeIgniter->run()
CRITICAL - 2023-09-16 23:49:41 --> Call to undefined method App\Controllers\CategoriasController::vercategoria()
in APPPATH\Controllers\CategoriasController.php on line 85.
 1 SYSTEMPATH\CodeIgniter.php(915): App\Controllers\CategoriasController->guardar()
 2 SYSTEMPATH\CodeIgniter.php(492): CodeIgniter\CodeIgniter->runController(Object(App\Controllers\CategoriasController))
 3 SYSTEMPATH\CodeIgniter.php(353): CodeIgniter\CodeIgniter->handleRequest(null, Object(Config\Cache), false)
 4 FCPATH\index.php(79): CodeIgniter\CodeIgniter->run()
CRITICAL - 2023-09-16 23:53:10 --> Undefined variable $nombrecorto
in APPPATH\Controllers\CategoriasController.php on line 55.
 1 APPPATH\Controllers\CategoriasController.php(55): CodeIgniter\Debug\Exceptions->errorHandler(2, 'Undefined variable $nombrecorto', 'C:\\xampp\\htdocs\\Punto_De_Venta\\app\\Controllers\\CategoriasController.php', 55)
 2 SYSTEMPATH\CodeIgniter.php(915): App\Controllers\CategoriasController->modificar()
 3 SYSTEMPATH\CodeIgniter.php(492): CodeIgniter\CodeIgniter->runController(Object(App\Controllers\CategoriasController))
 4 SYSTEMPATH\CodeIgniter.php(353): CodeIgniter\CodeIgniter->handleRequest(null, Object(Config\Cache), false)
 5 FCPATH\index.php(79): CodeIgniter\CodeIgniter->run()
