CRITICAL - 2023-08-29 00:00:16 --> Undefined variable $datos
in APPPATH\Views\unidades.php on line 125.
 1 APPPATH\Views\unidades.php(125): CodeIgniter\Debug\Exceptions->errorHandler(2, 'Undefined variable $datos', 'C:\\xampp\\htdocs\\Punto_De_Venta\\app\\Views\\unidades.php', 125)
 2 SYSTEMPATH\View\View.php(226): include('C:\\xampp\\htdocs\\Punto_De_Venta\\app\\Views\\unidades.php')
 3 SYSTEMPATH\View\View.php(229): CodeIgniter\View\View->CodeIgniter\View\{closure}()
 4 SYSTEMPATH\Common.php(1178): CodeIgniter\View\View->render('unidades', [], true)
 5 APPPATH\Controllers\Home.php(17): view('unidades')
 6 SYSTEMPATH\CodeIgniter.php(915): App\Controllers\Home->unidades()
 7 SYSTEMPATH\CodeIgniter.php(492): CodeIgniter\CodeIgniter->runController(Object(App\Controllers\Home))
 8 SYSTEMPATH\CodeIgniter.php(353): CodeIgniter\CodeIgniter->handleRequest(null, Object(Config\Cache), false)
 9 FCPATH\index.php(79): CodeIgniter\CodeIgniter->run()
CRITICAL - 2023-08-29 00:16:50 --> Undefined variable $data
in APPPATH\Views\unidades.php on line 125.
 1 APPPATH\Views\unidades.php(125): CodeIgniter\Debug\Exceptions->errorHandler(2, 'Undefined variable $data', 'C:\\xampp\\htdocs\\Punto_De_Venta\\app\\Views\\unidades.php', 125)
 2 SYSTEMPATH\View\View.php(226): include('C:\\xampp\\htdocs\\Punto_De_Venta\\app\\Views\\unidades.php')
 3 SYSTEMPATH\View\View.php(229): CodeIgniter\View\View->CodeIgniter\View\{closure}()
 4 SYSTEMPATH\Common.php(1178): CodeIgniter\View\View->render('unidades', [], true)
 5 APPPATH\Controllers\Home.php(17): view('unidades')
 6 SYSTEMPATH\CodeIgniter.php(915): App\Controllers\Home->unidades()
 7 SYSTEMPATH\CodeIgniter.php(492): CodeIgniter\CodeIgniter->runController(Object(App\Controllers\Home))
 8 SYSTEMPATH\CodeIgniter.php(353): CodeIgniter\CodeIgniter->handleRequest(null, Object(Config\Cache), false)
 9 FCPATH\index.php(79): CodeIgniter\CodeIgniter->run()
CRITICAL - 2023-08-29 00:48:15 --> Undefined variable $data
in APPPATH\Views\unidades.php on line 125.
 1 APPPATH\Views\unidades.php(125): CodeIgniter\Debug\Exceptions->errorHandler(2, 'Undefined variable $data', 'C:\\xampp\\htdocs\\Punto_De_Venta\\app\\Views\\unidades.php', 125)
 2 SYSTEMPATH\View\View.php(226): include('C:\\xampp\\htdocs\\Punto_De_Venta\\app\\Views\\unidades.php')
 3 SYSTEMPATH\View\View.php(229): CodeIgniter\View\View->CodeIgniter\View\{closure}()
 4 SYSTEMPATH\Common.php(1178): CodeIgniter\View\View->render('unidades', [], true)
 5 APPPATH\Controllers\Home.php(17): view('unidades')
 6 SYSTEMPATH\CodeIgniter.php(915): App\Controllers\Home->unidades()
 7 SYSTEMPATH\CodeIgniter.php(492): CodeIgniter\CodeIgniter->runController(Object(App\Controllers\Home))
 8 SYSTEMPATH\CodeIgniter.php(353): CodeIgniter\CodeIgniter->handleRequest(null, Object(Config\Cache), false)
 9 FCPATH\index.php(79): CodeIgniter\CodeIgniter->run()
CRITICAL - 2023-08-29 01:05:26 --> Undefined variable $data
in APPPATH\Views\unidades.php on line 125.
 1 APPPATH\Views\unidades.php(125): CodeIgniter\Debug\Exceptions->errorHandler(2, 'Undefined variable $data', 'C:\\xampp\\htdocs\\Punto_De_Venta\\app\\Views\\unidades.php', 125)
 2 SYSTEMPATH\View\View.php(226): include('C:\\xampp\\htdocs\\Punto_De_Venta\\app\\Views\\unidades.php')
 3 SYSTEMPATH\View\View.php(229): CodeIgniter\View\View->CodeIgniter\View\{closure}()
 4 SYSTEMPATH\Common.php(1178): CodeIgniter\View\View->render('unidades', [], true)
 5 APPPATH\Controllers\Home.php(17): view('unidades')
 6 SYSTEMPATH\CodeIgniter.php(915): App\Controllers\Home->unidades()
 7 SYSTEMPATH\CodeIgniter.php(492): CodeIgniter\CodeIgniter->runController(Object(App\Controllers\Home))
 8 SYSTEMPATH\CodeIgniter.php(353): CodeIgniter\CodeIgniter->handleRequest(null, Object(Config\Cache), false)
 9 FCPATH\index.php(79): CodeIgniter\CodeIgniter->run()
CRITICAL - 2023-08-29 01:15:24 --> Undefined variable $data
in APPPATH\Views\unidades.php on line 125.
 1 APPPATH\Views\unidades.php(125): CodeIgniter\Debug\Exceptions->errorHandler(2, 'Undefined variable $data', 'C:\\xampp\\htdocs\\Punto_De_Venta\\app\\Views\\unidades.php', 125)
 2 SYSTEMPATH\View\View.php(226): include('C:\\xampp\\htdocs\\Punto_De_Venta\\app\\Views\\unidades.php')
 3 SYSTEMPATH\View\View.php(229): CodeIgniter\View\View->CodeIgniter\View\{closure}()
 4 SYSTEMPATH\Common.php(1178): CodeIgniter\View\View->render('unidades', [], true)
 5 APPPATH\Controllers\Home.php(16): view('unidades')
 6 SYSTEMPATH\CodeIgniter.php(915): App\Controllers\Home->unidades()
 7 SYSTEMPATH\CodeIgniter.php(492): CodeIgniter\CodeIgniter->runController(Object(App\Controllers\Home))
 8 SYSTEMPATH\CodeIgniter.php(353): CodeIgniter\CodeIgniter->handleRequest(null, Object(Config\Cache), false)
 9 FCPATH\index.php(79): CodeIgniter\CodeIgniter->run()
CRITICAL - 2023-08-29 01:16:34 --> Undefined variable $data
in APPPATH\Views\unidades.php on line 125.
 1 APPPATH\Views\unidades.php(125): CodeIgniter\Debug\Exceptions->errorHandler(2, 'Undefined variable $data', 'C:\\xampp\\htdocs\\Punto_De_Venta\\app\\Views\\unidades.php', 125)
 2 SYSTEMPATH\View\View.php(226): include('C:\\xampp\\htdocs\\Punto_De_Venta\\app\\Views\\unidades.php')
 3 SYSTEMPATH\View\View.php(229): CodeIgniter\View\View->CodeIgniter\View\{closure}()
 4 SYSTEMPATH\Common.php(1178): CodeIgniter\View\View->render('unidades', [], true)
 5 APPPATH\Controllers\Home.php(16): view('unidades')
 6 SYSTEMPATH\CodeIgniter.php(915): App\Controllers\Home->unidades()
 7 SYSTEMPATH\CodeIgniter.php(492): CodeIgniter\CodeIgniter->runController(Object(App\Controllers\Home))
 8 SYSTEMPATH\CodeIgniter.php(353): CodeIgniter\CodeIgniter->handleRequest(null, Object(Config\Cache), false)
 9 FCPATH\index.php(79): CodeIgniter\CodeIgniter->run()
CRITICAL - 2023-08-29 01:17:42 --> Undefined variable $data
in APPPATH\Views\unidades.php on line 125.
 1 APPPATH\Views\unidades.php(125): CodeIgniter\Debug\Exceptions->errorHandler(2, 'Undefined variable $data', 'C:\\xampp\\htdocs\\Punto_De_Venta\\app\\Views\\unidades.php', 125)
 2 SYSTEMPATH\View\View.php(226): include('C:\\xampp\\htdocs\\Punto_De_Venta\\app\\Views\\unidades.php')
 3 SYSTEMPATH\View\View.php(229): CodeIgniter\View\View->CodeIgniter\View\{closure}()
 4 SYSTEMPATH\Common.php(1178): CodeIgniter\View\View->render('unidades', [], true)
 5 APPPATH\Controllers\Home.php(16): view('unidades')
 6 SYSTEMPATH\CodeIgniter.php(915): App\Controllers\Home->unidades()
 7 SYSTEMPATH\CodeIgniter.php(492): CodeIgniter\CodeIgniter->runController(Object(App\Controllers\Home))
 8 SYSTEMPATH\CodeIgniter.php(353): CodeIgniter\CodeIgniter->handleRequest(null, Object(Config\Cache), false)
 9 FCPATH\index.php(79): CodeIgniter\CodeIgniter->run()
CRITICAL - 2023-08-29 01:17:50 --> Undefined variable $data
in APPPATH\Views\unidades.php on line 125.
 1 APPPATH\Views\unidades.php(125): CodeIgniter\Debug\Exceptions->errorHandler(2, 'Undefined variable $data', 'C:\\xampp\\htdocs\\Punto_De_Venta\\app\\Views\\unidades.php', 125)
 2 SYSTEMPATH\View\View.php(226): include('C:\\xampp\\htdocs\\Punto_De_Venta\\app\\Views\\unidades.php')
 3 SYSTEMPATH\View\View.php(229): CodeIgniter\View\View->CodeIgniter\View\{closure}()
 4 SYSTEMPATH\Common.php(1178): CodeIgniter\View\View->render('unidades', [], true)
 5 APPPATH\Controllers\Home.php(16): view('unidades')
 6 SYSTEMPATH\CodeIgniter.php(915): App\Controllers\Home->unidades()
 7 SYSTEMPATH\CodeIgniter.php(492): CodeIgniter\CodeIgniter->runController(Object(App\Controllers\Home))
 8 SYSTEMPATH\CodeIgniter.php(353): CodeIgniter\CodeIgniter->handleRequest(null, Object(Config\Cache), false)
 9 FCPATH\index.php(79): CodeIgniter\CodeIgniter->run()
CRITICAL - 2023-08-29 01:36:35 --> Undefined variable $resultadounidades
in APPPATH\Views\unidades.php on line 125.
 1 APPPATH\Views\unidades.php(125): CodeIgniter\Debug\Exceptions->errorHandler(2, 'Undefined variable $resultadounidades', 'C:\\xampp\\htdocs\\Punto_De_Venta\\app\\Views\\unidades.php', 125)
 2 SYSTEMPATH\View\View.php(226): include('C:\\xampp\\htdocs\\Punto_De_Venta\\app\\Views\\unidades.php')
 3 SYSTEMPATH\View\View.php(229): CodeIgniter\View\View->CodeIgniter\View\{closure}()
 4 SYSTEMPATH\Common.php(1178): CodeIgniter\View\View->render('unidades', [], true)
 5 APPPATH\Controllers\Home.php(16): view('unidades')
 6 SYSTEMPATH\CodeIgniter.php(915): App\Controllers\Home->unidades()
 7 SYSTEMPATH\CodeIgniter.php(492): CodeIgniter\CodeIgniter->runController(Object(App\Controllers\Home))
 8 SYSTEMPATH\CodeIgniter.php(353): CodeIgniter\CodeIgniter->handleRequest(null, Object(Config\Cache), false)
 9 FCPATH\index.php(79): CodeIgniter\CodeIgniter->run()
CRITICAL - 2023-08-29 01:39:05 --> Undefined variable $resultadounidades
in APPPATH\Views\unidades.php on line 125.
 1 APPPATH\Views\unidades.php(125): CodeIgniter\Debug\Exceptions->errorHandler(2, 'Undefined variable $resultadounidades', 'C:\\xampp\\htdocs\\Punto_De_Venta\\app\\Views\\unidades.php', 125)
 2 SYSTEMPATH\View\View.php(226): include('C:\\xampp\\htdocs\\Punto_De_Venta\\app\\Views\\unidades.php')
 3 SYSTEMPATH\View\View.php(229): CodeIgniter\View\View->CodeIgniter\View\{closure}()
 4 SYSTEMPATH\Common.php(1178): CodeIgniter\View\View->render('unidades', [], true)
 5 APPPATH\Controllers\Unidades.php(29): view('unidades', [...])
 6 SYSTEMPATH\CodeIgniter.php(915): App\Controllers\Unidades->unidades()
 7 SYSTEMPATH\CodeIgniter.php(492): CodeIgniter\CodeIgniter->runController(Object(App\Controllers\Unidades))
 8 SYSTEMPATH\CodeIgniter.php(353): CodeIgniter\CodeIgniter->handleRequest(null, Object(Config\Cache), false)
 9 FCPATH\index.php(79): CodeIgniter\CodeIgniter->run()
CRITICAL - 2023-08-29 01:39:17 --> Undefined variable $resultadounidades
in APPPATH\Views\unidades.php on line 125.
 1 APPPATH\Views\unidades.php(125): CodeIgniter\Debug\Exceptions->errorHandler(2, 'Undefined variable $resultadounidades', 'C:\\xampp\\htdocs\\Punto_De_Venta\\app\\Views\\unidades.php', 125)
 2 SYSTEMPATH\View\View.php(226): include('C:\\xampp\\htdocs\\Punto_De_Venta\\app\\Views\\unidades.php')
 3 SYSTEMPATH\View\View.php(229): CodeIgniter\View\View->CodeIgniter\View\{closure}()
 4 SYSTEMPATH\Common.php(1178): CodeIgniter\View\View->render('unidades', [], true)
 5 APPPATH\Controllers\Unidades.php(29): view('unidades', [...])
 6 SYSTEMPATH\CodeIgniter.php(915): App\Controllers\Unidades->unidades()
 7 SYSTEMPATH\CodeIgniter.php(492): CodeIgniter\CodeIgniter->runController(Object(App\Controllers\Unidades))
 8 SYSTEMPATH\CodeIgniter.php(353): CodeIgniter\CodeIgniter->handleRequest(null, Object(Config\Cache), false)
 9 FCPATH\index.php(79): CodeIgniter\CodeIgniter->run()
CRITICAL - 2023-08-29 01:39:30 --> Undefined variable $resultadounidades
in APPPATH\Views\unidades.php on line 125.
 1 APPPATH\Views\unidades.php(125): CodeIgniter\Debug\Exceptions->errorHandler(2, 'Undefined variable $resultadounidades', 'C:\\xampp\\htdocs\\Punto_De_Venta\\app\\Views\\unidades.php', 125)
 2 SYSTEMPATH\View\View.php(226): include('C:\\xampp\\htdocs\\Punto_De_Venta\\app\\Views\\unidades.php')
 3 SYSTEMPATH\View\View.php(229): CodeIgniter\View\View->CodeIgniter\View\{closure}()
 4 SYSTEMPATH\Common.php(1178): CodeIgniter\View\View->render('unidades', [], true)
 5 APPPATH\Controllers\Unidades.php(29): view('unidades', [...])
 6 SYSTEMPATH\CodeIgniter.php(915): App\Controllers\Unidades->unidades()
 7 SYSTEMPATH\CodeIgniter.php(492): CodeIgniter\CodeIgniter->runController(Object(App\Controllers\Unidades))
 8 SYSTEMPATH\CodeIgniter.php(353): CodeIgniter\CodeIgniter->handleRequest(null, Object(Config\Cache), false)
 9 FCPATH\index.php(79): CodeIgniter\CodeIgniter->run()
CRITICAL - 2023-08-29 01:45:05 --> Undefined variable $resultadounidades
in APPPATH\Views\unidades.php on line 125.
 1 APPPATH\Views\unidades.php(125): CodeIgniter\Debug\Exceptions->errorHandler(2, 'Undefined variable $resultadounidades', 'C:\\xampp\\htdocs\\Punto_De_Venta\\app\\Views\\unidades.php', 125)
 2 SYSTEMPATH\View\View.php(226): include('C:\\xampp\\htdocs\\Punto_De_Venta\\app\\Views\\unidades.php')
 3 SYSTEMPATH\View\View.php(229): CodeIgniter\View\View->CodeIgniter\View\{closure}()
 4 SYSTEMPATH\Common.php(1178): CodeIgniter\View\View->render('unidades', [], true)
 5 APPPATH\Controllers\UnidadesController.php(29): view('unidades', [...])
 6 SYSTEMPATH\CodeIgniter.php(915): App\Controllers\UnidadesController->unidades()
 7 SYSTEMPATH\CodeIgniter.php(492): CodeIgniter\CodeIgniter->runController(Object(App\Controllers\UnidadesController))
 8 SYSTEMPATH\CodeIgniter.php(353): CodeIgniter\CodeIgniter->handleRequest(null, Object(Config\Cache), false)
 9 FCPATH\index.php(79): CodeIgniter\CodeIgniter->run()
CRITICAL - 2023-08-29 01:55:15 --> Undefined variable $resultadounidades
in APPPATH\Views\unidades.php on line 125.
 1 APPPATH\Views\unidades.php(125): CodeIgniter\Debug\Exceptions->errorHandler(2, 'Undefined variable $resultadounidades', 'C:\\xampp\\htdocs\\Punto_De_Venta\\app\\Views\\unidades.php', 125)
 2 SYSTEMPATH\View\View.php(226): include('C:\\xampp\\htdocs\\Punto_De_Venta\\app\\Views\\unidades.php')
 3 SYSTEMPATH\View\View.php(229): CodeIgniter\View\View->CodeIgniter\View\{closure}()
 4 SYSTEMPATH\Common.php(1178): CodeIgniter\View\View->render('unidades', [], true)
 5 APPPATH\Controllers\UnidadesController.php(29): view('unidades', [...])
 6 SYSTEMPATH\CodeIgniter.php(915): App\Controllers\UnidadesController->unidades()
 7 SYSTEMPATH\CodeIgniter.php(492): CodeIgniter\CodeIgniter->runController(Object(App\Controllers\UnidadesController))
 8 SYSTEMPATH\CodeIgniter.php(353): CodeIgniter\CodeIgniter->handleRequest(null, Object(Config\Cache), false)
 9 FCPATH\index.php(79): CodeIgniter\CodeIgniter->run()
CRITICAL - 2023-08-29 02:08:21 --> Undefined variable $resultadounidades
in APPPATH\Views\unidades.php on line 125.
 1 APPPATH\Views\unidades.php(125): CodeIgniter\Debug\Exceptions->errorHandler(2, 'Undefined variable $resultadounidades', 'C:\\xampp\\htdocs\\Punto_De_Venta\\app\\Views\\unidades.php', 125)
 2 SYSTEMPATH\View\View.php(226): include('C:\\xampp\\htdocs\\Punto_De_Venta\\app\\Views\\unidades.php')
 3 SYSTEMPATH\View\View.php(229): CodeIgniter\View\View->CodeIgniter\View\{closure}()
 4 SYSTEMPATH\Common.php(1178): CodeIgniter\View\View->render('unidades', [], true)
 5 APPPATH\Controllers\UnidadesController.php(29): view('unidades', [...])
 6 SYSTEMPATH\CodeIgniter.php(915): App\Controllers\UnidadesController->unidades()
 7 SYSTEMPATH\CodeIgniter.php(492): CodeIgniter\CodeIgniter->runController(Object(App\Controllers\UnidadesController))
 8 SYSTEMPATH\CodeIgniter.php(353): CodeIgniter\CodeIgniter->handleRequest(null, Object(Config\Cache), false)
 9 FCPATH\index.php(79): CodeIgniter\CodeIgniter->run()
