CRITICAL - 2023-09-17 00:33:05 --> Class "App\Models\ProductosModel" not found
in APPPATH\Controllers\ProductosController.php on line 27.
 1 SYSTEMPATH\CodeIgniter.php(915): App\Controllers\ProductosController->producto()
 2 SYSTEMPATH\CodeIgniter.php(492): CodeIgniter\CodeIgniter->runController(Object(App\Controllers\ProductosController))
 3 SYSTEMPATH\CodeIgniter.php(353): CodeIgniter\CodeIgniter->handleRequest(null, Object(Config\Cache), false)
 4 FCPATH\index.php(79): CodeIgniter\CodeIgniter->run()
CRITICAL - 2023-09-17 00:36:23 --> Undefined variable $dato
in APPPATH\Views\productos.php on line 298.
 1 APPPATH\Views\productos.php(298): CodeIgniter\Debug\Exceptions->errorHandler(2, 'Undefined variable $dato', 'C:\\xampp\\htdocs\\Punto_De_Venta\\app\\Views\\productos.php', 298)
 2 SYSTEMPATH\View\View.php(226): include('C:\\xampp\\htdocs\\Punto_De_Venta\\app\\Views\\productos.php')
 3 SYSTEMPATH\View\View.php(229): CodeIgniter\View\View->CodeIgniter\View\{closure}()
 4 SYSTEMPATH\Common.php(1178): CodeIgniter\View\View->render('productos', [], true)
 5 APPPATH\Controllers\ProductosController.php(29): view('productos', [...])
 6 SYSTEMPATH\CodeIgniter.php(915): App\Controllers\ProductosController->producto()
 7 SYSTEMPATH\CodeIgniter.php(492): CodeIgniter\CodeIgniter->runController(Object(App\Controllers\ProductosController))
 8 SYSTEMPATH\CodeIgniter.php(353): CodeIgniter\CodeIgniter->handleRequest(null, Object(Config\Cache), false)
 9 FCPATH\index.php(79): CodeIgniter\CodeIgniter->run()
CRITICAL - 2023-09-17 01:01:43 --> Undefined array key "fecha_alta"
in APPPATH\Views\frmactualizarcategoria.php on line 67.
 1 APPPATH\Views\frmactualizarcategoria.php(67): CodeIgniter\Debug\Exceptions->errorHandler(2, 'Undefined array key "fecha_alta"', 'C:\\xampp\\htdocs\\Punto_De_Venta\\app\\Views\\frmactualizarcategoria.php', 67)
 2 SYSTEMPATH\View\View.php(226): include('C:\\xampp\\htdocs\\Punto_De_Venta\\app\\Views\\frmactualizarcategoria.php')
 3 SYSTEMPATH\View\View.php(229): CodeIgniter\View\View->CodeIgniter\View\{closure}()
 4 SYSTEMPATH\Common.php(1178): CodeIgniter\View\View->render('frmactualizarcategoria', [], true)
 5 APPPATH\Controllers\ProductosController.php(41): view('frmactualizarcategoria', [...])
 6 SYSTEMPATH\CodeIgniter.php(915): App\Controllers\ProductosController->localizar('1')
 7 SYSTEMPATH\CodeIgniter.php(492): CodeIgniter\CodeIgniter->runController(Object(App\Controllers\ProductosController))
 8 SYSTEMPATH\CodeIgniter.php(353): CodeIgniter\CodeIgniter->handleRequest(null, Object(Config\Cache), false)
 9 FCPATH\index.php(79): CodeIgniter\CodeIgniter->run()
CRITICAL - 2023-09-17 01:02:03 --> Undefined array key "fecha_alta"
in APPPATH\Views\frmactualizarcategoria.php on line 67.
 1 APPPATH\Views\frmactualizarcategoria.php(67): CodeIgniter\Debug\Exceptions->errorHandler(2, 'Undefined array key "fecha_alta"', 'C:\\xampp\\htdocs\\Punto_De_Venta\\app\\Views\\frmactualizarcategoria.php', 67)
 2 SYSTEMPATH\View\View.php(226): include('C:\\xampp\\htdocs\\Punto_De_Venta\\app\\Views\\frmactualizarcategoria.php')
 3 SYSTEMPATH\View\View.php(229): CodeIgniter\View\View->CodeIgniter\View\{closure}()
 4 SYSTEMPATH\Common.php(1178): CodeIgniter\View\View->render('frmactualizarcategoria', [], true)
 5 APPPATH\Controllers\ProductosController.php(41): view('frmactualizarcategoria', [...])
 6 SYSTEMPATH\CodeIgniter.php(915): App\Controllers\ProductosController->localizar('1')
 7 SYSTEMPATH\CodeIgniter.php(492): CodeIgniter\CodeIgniter->runController(Object(App\Controllers\ProductosController))
 8 SYSTEMPATH\CodeIgniter.php(353): CodeIgniter\CodeIgniter->handleRequest(null, Object(Config\Cache), false)
 9 FCPATH\index.php(79): CodeIgniter\CodeIgniter->run()
CRITICAL - 2023-09-17 01:08:41 --> Undefined array key "fecha_alta"
in APPPATH\Views\frmactualizarcategoria.php on line 67.
 1 APPPATH\Views\frmactualizarcategoria.php(67): CodeIgniter\Debug\Exceptions->errorHandler(2, 'Undefined array key "fecha_alta"', 'C:\\xampp\\htdocs\\Punto_De_Venta\\app\\Views\\frmactualizarcategoria.php', 67)
 2 SYSTEMPATH\View\View.php(226): include('C:\\xampp\\htdocs\\Punto_De_Venta\\app\\Views\\frmactualizarcategoria.php')
 3 SYSTEMPATH\View\View.php(229): CodeIgniter\View\View->CodeIgniter\View\{closure}()
 4 SYSTEMPATH\Common.php(1178): CodeIgniter\View\View->render('frmactualizarcategoria', [], true)
 5 APPPATH\Controllers\ProductosController.php(41): view('frmactualizarcategoria', [...])
 6 SYSTEMPATH\CodeIgniter.php(915): App\Controllers\ProductosController->localizar('1')
 7 SYSTEMPATH\CodeIgniter.php(492): CodeIgniter\CodeIgniter->runController(Object(App\Controllers\ProductosController))
 8 SYSTEMPATH\CodeIgniter.php(353): CodeIgniter\CodeIgniter->handleRequest(null, Object(Config\Cache), false)
 9 FCPATH\index.php(79): CodeIgniter\CodeIgniter->run()
CRITICAL - 2023-09-17 01:08:43 --> Undefined array key "fecha_alta"
in APPPATH\Views\frmactualizarcategoria.php on line 67.
 1 APPPATH\Views\frmactualizarcategoria.php(67): CodeIgniter\Debug\Exceptions->errorHandler(2, 'Undefined array key "fecha_alta"', 'C:\\xampp\\htdocs\\Punto_De_Venta\\app\\Views\\frmactualizarcategoria.php', 67)
 2 SYSTEMPATH\View\View.php(226): include('C:\\xampp\\htdocs\\Punto_De_Venta\\app\\Views\\frmactualizarcategoria.php')
 3 SYSTEMPATH\View\View.php(229): CodeIgniter\View\View->CodeIgniter\View\{closure}()
 4 SYSTEMPATH\Common.php(1178): CodeIgniter\View\View->render('frmactualizarcategoria', [], true)
 5 APPPATH\Controllers\ProductosController.php(41): view('frmactualizarcategoria', [...])
 6 SYSTEMPATH\CodeIgniter.php(915): App\Controllers\ProductosController->localizar('1')
 7 SYSTEMPATH\CodeIgniter.php(492): CodeIgniter\CodeIgniter->runController(Object(App\Controllers\ProductosController))
 8 SYSTEMPATH\CodeIgniter.php(353): CodeIgniter\CodeIgniter->handleRequest(null, Object(Config\Cache), false)
 9 FCPATH\index.php(79): CodeIgniter\CodeIgniter->run()
CRITICAL - 2023-09-17 01:09:37 --> Undefined array key "fecha_alta"
in APPPATH\Views\frmactualizarcategoria.php on line 67.
 1 APPPATH\Views\frmactualizarcategoria.php(67): CodeIgniter\Debug\Exceptions->errorHandler(2, 'Undefined array key "fecha_alta"', 'C:\\xampp\\htdocs\\Punto_De_Venta\\app\\Views\\frmactualizarcategoria.php', 67)
 2 SYSTEMPATH\View\View.php(226): include('C:\\xampp\\htdocs\\Punto_De_Venta\\app\\Views\\frmactualizarcategoria.php')
 3 SYSTEMPATH\View\View.php(229): CodeIgniter\View\View->CodeIgniter\View\{closure}()
 4 SYSTEMPATH\Common.php(1178): CodeIgniter\View\View->render('frmactualizarcategoria', [], true)
 5 APPPATH\Controllers\ProductosController.php(41): view('frmactualizarcategoria', [...])
 6 SYSTEMPATH\CodeIgniter.php(915): App\Controllers\ProductosController->localizar('1')
 7 SYSTEMPATH\CodeIgniter.php(492): CodeIgniter\CodeIgniter->runController(Object(App\Controllers\ProductosController))
 8 SYSTEMPATH\CodeIgniter.php(353): CodeIgniter\CodeIgniter->handleRequest(null, Object(Config\Cache), false)
 9 FCPATH\index.php(79): CodeIgniter\CodeIgniter->run()
CRITICAL - 2023-09-17 01:15:43 --> Undefined array key "fecha_alta"
in APPPATH\Views\frmactualizarcategoria.php on line 67.
 1 APPPATH\Views\frmactualizarcategoria.php(67): CodeIgniter\Debug\Exceptions->errorHandler(2, 'Undefined array key "fecha_alta"', 'C:\\xampp\\htdocs\\Punto_De_Venta\\app\\Views\\frmactualizarcategoria.php', 67)
 2 SYSTEMPATH\View\View.php(226): include('C:\\xampp\\htdocs\\Punto_De_Venta\\app\\Views\\frmactualizarcategoria.php')
 3 SYSTEMPATH\View\View.php(229): CodeIgniter\View\View->CodeIgniter\View\{closure}()
 4 SYSTEMPATH\Common.php(1178): CodeIgniter\View\View->render('frmactualizarcategoria', [], true)
 5 APPPATH\Controllers\ProductosController.php(41): view('frmactualizarcategoria', [...])
 6 SYSTEMPATH\CodeIgniter.php(915): App\Controllers\ProductosController->localizar('1')
 7 SYSTEMPATH\CodeIgniter.php(492): CodeIgniter\CodeIgniter->runController(Object(App\Controllers\ProductosController))
 8 SYSTEMPATH\CodeIgniter.php(353): CodeIgniter\CodeIgniter->handleRequest(null, Object(Config\Cache), false)
 9 FCPATH\index.php(79): CodeIgniter\CodeIgniter->run()
CRITICAL - 2023-09-17 01:15:54 --> Undefined array key "fecha_alta"
in APPPATH\Views\frmactualizarcategoria.php on line 67.
 1 APPPATH\Views\frmactualizarcategoria.php(67): CodeIgniter\Debug\Exceptions->errorHandler(2, 'Undefined array key "fecha_alta"', 'C:\\xampp\\htdocs\\Punto_De_Venta\\app\\Views\\frmactualizarcategoria.php', 67)
 2 SYSTEMPATH\View\View.php(226): include('C:\\xampp\\htdocs\\Punto_De_Venta\\app\\Views\\frmactualizarcategoria.php')
 3 SYSTEMPATH\View\View.php(229): CodeIgniter\View\View->CodeIgniter\View\{closure}()
 4 SYSTEMPATH\Common.php(1178): CodeIgniter\View\View->render('frmactualizarcategoria', [], true)
 5 APPPATH\Controllers\ProductosController.php(41): view('frmactualizarcategoria', [...])
 6 SYSTEMPATH\CodeIgniter.php(915): App\Controllers\ProductosController->localizar('1')
 7 SYSTEMPATH\CodeIgniter.php(492): CodeIgniter\CodeIgniter->runController(Object(App\Controllers\ProductosController))
 8 SYSTEMPATH\CodeIgniter.php(353): CodeIgniter\CodeIgniter->handleRequest(null, Object(Config\Cache), false)
 9 FCPATH\index.php(79): CodeIgniter\CodeIgniter->run()
CRITICAL - 2023-09-17 01:17:14 --> Undefined array key "fecha_alta"
in APPPATH\Views\frmactualizarcategoria.php on line 67.
 1 APPPATH\Views\frmactualizarcategoria.php(67): CodeIgniter\Debug\Exceptions->errorHandler(2, 'Undefined array key "fecha_alta"', 'C:\\xampp\\htdocs\\Punto_De_Venta\\app\\Views\\frmactualizarcategoria.php', 67)
 2 SYSTEMPATH\View\View.php(226): include('C:\\xampp\\htdocs\\Punto_De_Venta\\app\\Views\\frmactualizarcategoria.php')
 3 SYSTEMPATH\View\View.php(229): CodeIgniter\View\View->CodeIgniter\View\{closure}()
 4 SYSTEMPATH\Common.php(1178): CodeIgniter\View\View->render('frmactualizarcategoria', [], true)
 5 APPPATH\Controllers\ProductosController.php(41): view('frmactualizarcategoria', [...])
 6 SYSTEMPATH\CodeIgniter.php(915): App\Controllers\ProductosController->localizar('1')
 7 SYSTEMPATH\CodeIgniter.php(492): CodeIgniter\CodeIgniter->runController(Object(App\Controllers\ProductosController))
 8 SYSTEMPATH\CodeIgniter.php(353): CodeIgniter\CodeIgniter->handleRequest(null, Object(Config\Cache), false)
 9 FCPATH\index.php(79): CodeIgniter\CodeIgniter->run()
CRITICAL - 2023-09-17 01:17:51 --> Undefined array key "fecha_alta"
in APPPATH\Views\frmactualizarcategoria.php on line 67.
 1 APPPATH\Views\frmactualizarcategoria.php(67): CodeIgniter\Debug\Exceptions->errorHandler(2, 'Undefined array key "fecha_alta"', 'C:\\xampp\\htdocs\\Punto_De_Venta\\app\\Views\\frmactualizarcategoria.php', 67)
 2 SYSTEMPATH\View\View.php(226): include('C:\\xampp\\htdocs\\Punto_De_Venta\\app\\Views\\frmactualizarcategoria.php')
 3 SYSTEMPATH\View\View.php(229): CodeIgniter\View\View->CodeIgniter\View\{closure}()
 4 SYSTEMPATH\Common.php(1178): CodeIgniter\View\View->render('frmactualizarcategoria', [], true)
 5 APPPATH\Controllers\ProductosController.php(41): view('frmactualizarcategoria', [...])
 6 SYSTEMPATH\CodeIgniter.php(915): App\Controllers\ProductosController->localizar('1')
 7 SYSTEMPATH\CodeIgniter.php(492): CodeIgniter\CodeIgniter->runController(Object(App\Controllers\ProductosController))
 8 SYSTEMPATH\CodeIgniter.php(353): CodeIgniter\CodeIgniter->handleRequest(null, Object(Config\Cache), false)
 9 FCPATH\index.php(79): CodeIgniter\CodeIgniter->run()
CRITICAL - 2023-09-17 01:19:12 --> Undefined variable $productos
in APPPATH\Controllers\ProductosController.php on line 97.
 1 APPPATH\Controllers\ProductosController.php(97): CodeIgniter\Debug\Exceptions->errorHandler(2, 'Undefined variable $productos', 'C:\\xampp\\htdocs\\Punto_De_Venta\\app\\Controllers\\ProductosController.php', 97)
 2 SYSTEMPATH\CodeIgniter.php(915): App\Controllers\ProductosController->guardar()
 3 SYSTEMPATH\CodeIgniter.php(492): CodeIgniter\CodeIgniter->runController(Object(App\Controllers\ProductosController))
 4 SYSTEMPATH\CodeIgniter.php(353): CodeIgniter\CodeIgniter->handleRequest(null, Object(Config\Cache), false)
 5 FCPATH\index.php(79): CodeIgniter\CodeIgniter->run()
CRITICAL - 2023-09-17 01:20:07 --> Undefined array key "fecha_alta"
in APPPATH\Views\frmactualizarcategoria.php on line 67.
 1 APPPATH\Views\frmactualizarcategoria.php(67): CodeIgniter\Debug\Exceptions->errorHandler(2, 'Undefined array key "fecha_alta"', 'C:\\xampp\\htdocs\\Punto_De_Venta\\app\\Views\\frmactualizarcategoria.php', 67)
 2 SYSTEMPATH\View\View.php(226): include('C:\\xampp\\htdocs\\Punto_De_Venta\\app\\Views\\frmactualizarcategoria.php')
 3 SYSTEMPATH\View\View.php(229): CodeIgniter\View\View->CodeIgniter\View\{closure}()
 4 SYSTEMPATH\Common.php(1178): CodeIgniter\View\View->render('frmactualizarcategoria', [], true)
 5 APPPATH\Controllers\ProductosController.php(41): view('frmactualizarcategoria', [...])
 6 SYSTEMPATH\CodeIgniter.php(915): App\Controllers\ProductosController->localizar('1')
 7 SYSTEMPATH\CodeIgniter.php(492): CodeIgniter\CodeIgniter->runController(Object(App\Controllers\ProductosController))
 8 SYSTEMPATH\CodeIgniter.php(353): CodeIgniter\CodeIgniter->handleRequest(null, Object(Config\Cache), false)
 9 FCPATH\index.php(79): CodeIgniter\CodeIgniter->run()
CRITICAL - 2023-09-17 01:20:11 --> Undefined array key "fecha_alta"
in APPPATH\Views\frmactualizarcategoria.php on line 67.
 1 APPPATH\Views\frmactualizarcategoria.php(67): CodeIgniter\Debug\Exceptions->errorHandler(2, 'Undefined array key "fecha_alta"', 'C:\\xampp\\htdocs\\Punto_De_Venta\\app\\Views\\frmactualizarcategoria.php', 67)
 2 SYSTEMPATH\View\View.php(226): include('C:\\xampp\\htdocs\\Punto_De_Venta\\app\\Views\\frmactualizarcategoria.php')
 3 SYSTEMPATH\View\View.php(229): CodeIgniter\View\View->CodeIgniter\View\{closure}()
 4 SYSTEMPATH\Common.php(1178): CodeIgniter\View\View->render('frmactualizarcategoria', [], true)
 5 APPPATH\Controllers\ProductosController.php(41): view('frmactualizarcategoria', [...])
 6 SYSTEMPATH\CodeIgniter.php(915): App\Controllers\ProductosController->localizar('1')
 7 SYSTEMPATH\CodeIgniter.php(492): CodeIgniter\CodeIgniter->runController(Object(App\Controllers\ProductosController))
 8 SYSTEMPATH\CodeIgniter.php(353): CodeIgniter\CodeIgniter->handleRequest(null, Object(Config\Cache), false)
 9 FCPATH\index.php(79): CodeIgniter\CodeIgniter->run()
CRITICAL - 2023-09-17 01:20:46 --> Undefined array key "fecha_alta"
in APPPATH\Views\frmactualizarcategoria.php on line 67.
 1 APPPATH\Views\frmactualizarcategoria.php(67): CodeIgniter\Debug\Exceptions->errorHandler(2, 'Undefined array key "fecha_alta"', 'C:\\xampp\\htdocs\\Punto_De_Venta\\app\\Views\\frmactualizarcategoria.php', 67)
 2 SYSTEMPATH\View\View.php(226): include('C:\\xampp\\htdocs\\Punto_De_Venta\\app\\Views\\frmactualizarcategoria.php')
 3 SYSTEMPATH\View\View.php(229): CodeIgniter\View\View->CodeIgniter\View\{closure}()
 4 SYSTEMPATH\Common.php(1178): CodeIgniter\View\View->render('frmactualizarcategoria', [], true)
 5 APPPATH\Controllers\ProductosController.php(41): view('frmactualizarcategoria', [...])
 6 SYSTEMPATH\CodeIgniter.php(915): App\Controllers\ProductosController->localizar('1')
 7 SYSTEMPATH\CodeIgniter.php(492): CodeIgniter\CodeIgniter->runController(Object(App\Controllers\ProductosController))
 8 SYSTEMPATH\CodeIgniter.php(353): CodeIgniter\CodeIgniter->handleRequest(null, Object(Config\Cache), false)
 9 FCPATH\index.php(79): CodeIgniter\CodeIgniter->run()
CRITICAL - 2023-09-17 01:20:50 --> Undefined array key "fecha_alta"
in APPPATH\Views\frmactualizarcategoria.php on line 67.
 1 APPPATH\Views\frmactualizarcategoria.php(67): CodeIgniter\Debug\Exceptions->errorHandler(2, 'Undefined array key "fecha_alta"', 'C:\\xampp\\htdocs\\Punto_De_Venta\\app\\Views\\frmactualizarcategoria.php', 67)
 2 SYSTEMPATH\View\View.php(226): include('C:\\xampp\\htdocs\\Punto_De_Venta\\app\\Views\\frmactualizarcategoria.php')
 3 SYSTEMPATH\View\View.php(229): CodeIgniter\View\View->CodeIgniter\View\{closure}()
 4 SYSTEMPATH\Common.php(1178): CodeIgniter\View\View->render('frmactualizarcategoria', [], true)
 5 APPPATH\Controllers\ProductosController.php(41): view('frmactualizarcategoria', [...])
 6 SYSTEMPATH\CodeIgniter.php(915): App\Controllers\ProductosController->localizar('1')
 7 SYSTEMPATH\CodeIgniter.php(492): CodeIgniter\CodeIgniter->runController(Object(App\Controllers\ProductosController))
 8 SYSTEMPATH\CodeIgniter.php(353): CodeIgniter\CodeIgniter->handleRequest(null, Object(Config\Cache), false)
 9 FCPATH\index.php(79): CodeIgniter\CodeIgniter->run()
CRITICAL - 2023-09-17 01:22:44 --> Undefined array key "fecha_alta"
in APPPATH\Views\frmactualizarcategoria.php on line 67.
 1 APPPATH\Views\frmactualizarcategoria.php(67): CodeIgniter\Debug\Exceptions->errorHandler(2, 'Undefined array key "fecha_alta"', 'C:\\xampp\\htdocs\\Punto_De_Venta\\app\\Views\\frmactualizarcategoria.php', 67)
 2 SYSTEMPATH\View\View.php(226): include('C:\\xampp\\htdocs\\Punto_De_Venta\\app\\Views\\frmactualizarcategoria.php')
 3 SYSTEMPATH\View\View.php(229): CodeIgniter\View\View->CodeIgniter\View\{closure}()
 4 SYSTEMPATH\Common.php(1178): CodeIgniter\View\View->render('frmactualizarcategoria', [], true)
 5 APPPATH\Controllers\ProductosController.php(41): view('frmactualizarcategoria', [...])
 6 SYSTEMPATH\CodeIgniter.php(915): App\Controllers\ProductosController->localizar('1')
 7 SYSTEMPATH\CodeIgniter.php(492): CodeIgniter\CodeIgniter->runController(Object(App\Controllers\ProductosController))
 8 SYSTEMPATH\CodeIgniter.php(353): CodeIgniter\CodeIgniter->handleRequest(null, Object(Config\Cache), false)
 9 FCPATH\index.php(79): CodeIgniter\CodeIgniter->run()
ERROR - 2023-09-17 01:24:16 --> mysqli_sql_exception: Column 'precio_compra' cannot be null in C:\xampp\htdocs\Punto_De_Venta\system\Database\MySQLi\Connection.php:306
Stack trace:
#0 C:\xampp\htdocs\Punto_De_Venta\system\Database\MySQLi\Connection.php(306): mysqli->query('INSERT INTO `pr...', 0)
#1 C:\xampp\htdocs\Punto_De_Venta\system\Database\BaseConnection.php(692): CodeIgniter\Database\MySQLi\Connection->execute('INSERT INTO `pr...')
#2 C:\xampp\htdocs\Punto_De_Venta\system\Database\BaseConnection.php(606): CodeIgniter\Database\BaseConnection->simpleQuery('INSERT INTO `pr...')
#3 C:\xampp\htdocs\Punto_De_Venta\system\Database\BaseBuilder.php(2309): CodeIgniter\Database\BaseConnection->query('INSERT INTO `pr...', Array, false)
#4 C:\xampp\htdocs\Punto_De_Venta\system\Model.php(319): CodeIgniter\Database\BaseBuilder->insert()
#5 C:\xampp\htdocs\Punto_De_Venta\system\BaseModel.php(788): CodeIgniter\Model->doInsert(Array)
#6 C:\xampp\htdocs\Punto_De_Venta\system\Model.php(715): CodeIgniter\BaseModel->insert(Array, true)
#7 C:\xampp\htdocs\Punto_De_Venta\app\Controllers\ProductosController.php(109): CodeIgniter\Model->insert(Array)
#8 C:\xampp\htdocs\Punto_De_Venta\system\CodeIgniter.php(915): App\Controllers\ProductosController->guardar()
#9 C:\xampp\htdocs\Punto_De_Venta\system\CodeIgniter.php(492): CodeIgniter\CodeIgniter->runController(Object(App\Controllers\ProductosController))
#10 C:\xampp\htdocs\Punto_De_Venta\system\CodeIgniter.php(353): CodeIgniter\CodeIgniter->handleRequest(NULL, Object(Config\Cache), false)
#11 C:\xampp\htdocs\Punto_De_Venta\public\index.php(79): CodeIgniter\CodeIgniter->run()
#12 {main}
CRITICAL - 2023-09-17 01:24:16 --> Column 'precio_compra' cannot be null
in SYSTEMPATH\Database\BaseConnection.php on line 646.
 1 SYSTEMPATH\Database\BaseBuilder.php(2309): CodeIgniter\Database\BaseConnection->query('INSERT INTO `productos` (`nombre`, `codigo`, `precio_venta`, `precio_compra`, `existencias`, `stock_minimo`, `inventariable`, `id_unidad`, `id_categoria`, `activo`) VALUES (:nombre:, :codigo:, :precio_venta:, :precio_compra:, :existencias:, :stock_minimo:, :inventariable:, :id_unidad:, :id_categoria:, :activo:)', [...], false)
 2 SYSTEMPATH\Model.php(319): CodeIgniter\Database\BaseBuilder->insert()
 3 SYSTEMPATH\BaseModel.php(788): CodeIgniter\Model->doInsert([...])
 4 SYSTEMPATH\Model.php(715): CodeIgniter\BaseModel->insert([...], true)
 5 APPPATH\Controllers\ProductosController.php(109): CodeIgniter\Model->insert([...])
 6 SYSTEMPATH\CodeIgniter.php(915): App\Controllers\ProductosController->guardar()
 7 SYSTEMPATH\CodeIgniter.php(492): CodeIgniter\CodeIgniter->runController(Object(App\Controllers\ProductosController))
 8 SYSTEMPATH\CodeIgniter.php(353): CodeIgniter\CodeIgniter->handleRequest(null, Object(Config\Cache), false)
 9 FCPATH\index.php(79): CodeIgniter\CodeIgniter->run()
CRITICAL - 2023-09-17 01:24:30 --> Undefined array key "fecha_alta"
in APPPATH\Views\frmactualizarcategoria.php on line 67.
 1 APPPATH\Views\frmactualizarcategoria.php(67): CodeIgniter\Debug\Exceptions->errorHandler(2, 'Undefined array key "fecha_alta"', 'C:\\xampp\\htdocs\\Punto_De_Venta\\app\\Views\\frmactualizarcategoria.php', 67)
 2 SYSTEMPATH\View\View.php(226): include('C:\\xampp\\htdocs\\Punto_De_Venta\\app\\Views\\frmactualizarcategoria.php')
 3 SYSTEMPATH\View\View.php(229): CodeIgniter\View\View->CodeIgniter\View\{closure}()
 4 SYSTEMPATH\Common.php(1178): CodeIgniter\View\View->render('frmactualizarcategoria', [], true)
 5 APPPATH\Controllers\ProductosController.php(41): view('frmactualizarcategoria', [...])
 6 SYSTEMPATH\CodeIgniter.php(915): App\Controllers\ProductosController->localizar('1')
 7 SYSTEMPATH\CodeIgniter.php(492): CodeIgniter\CodeIgniter->runController(Object(App\Controllers\ProductosController))
 8 SYSTEMPATH\CodeIgniter.php(353): CodeIgniter\CodeIgniter->handleRequest(null, Object(Config\Cache), false)
 9 FCPATH\index.php(79): CodeIgniter\CodeIgniter->run()
CRITICAL - 2023-09-17 01:26:53 --> Undefined array key "fecha_alta"
in APPPATH\Views\frmactualizarcategoria.php on line 67.
 1 APPPATH\Views\frmactualizarcategoria.php(67): CodeIgniter\Debug\Exceptions->errorHandler(2, 'Undefined array key "fecha_alta"', 'C:\\xampp\\htdocs\\Punto_De_Venta\\app\\Views\\frmactualizarcategoria.php', 67)
 2 SYSTEMPATH\View\View.php(226): include('C:\\xampp\\htdocs\\Punto_De_Venta\\app\\Views\\frmactualizarcategoria.php')
 3 SYSTEMPATH\View\View.php(229): CodeIgniter\View\View->CodeIgniter\View\{closure}()
 4 SYSTEMPATH\Common.php(1178): CodeIgniter\View\View->render('frmactualizarcategoria', [], true)
 5 APPPATH\Controllers\ProductosController.php(41): view('frmactualizarcategoria', [...])
 6 SYSTEMPATH\CodeIgniter.php(915): App\Controllers\ProductosController->localizar('1')
 7 SYSTEMPATH\CodeIgniter.php(492): CodeIgniter\CodeIgniter->runController(Object(App\Controllers\ProductosController))
 8 SYSTEMPATH\CodeIgniter.php(353): CodeIgniter\CodeIgniter->handleRequest(null, Object(Config\Cache), false)
 9 FCPATH\index.php(79): CodeIgniter\CodeIgniter->run()
