CRITICAL - 2023-10-25 02:24:01 --> Undefined variable $clientes
in APPPATH\Controllers\ConfiguracionController.php on line 28.
 1 APPPATH\Controllers\ConfiguracionController.php(28): CodeIgniter\Debug\Exceptions->errorHandler(2, 'Undefined variable $clientes', 'C:\\xampp\\htdocs\\Punto_De_Venta\\app\\Controllers\\ConfiguracionController.php', 28)
 2 SYSTEMPATH\CodeIgniter.php(915): App\Controllers\ConfiguracionController->configuracion()
 3 SYSTEMPATH\CodeIgniter.php(492): CodeIgniter\CodeIgniter->runController(Object(App\Controllers\ConfiguracionController))
 4 SYSTEMPATH\CodeIgniter.php(353): CodeIgniter\CodeIgniter->handleRequest(null, Object(Config\Cache), false)
 5 FCPATH\index.php(79): CodeIgniter\CodeIgniter->run()
CRITICAL - 2023-10-25 02:24:28 --> Undefined variable $resultadoconfiguracion
in APPPATH\Views\configuracion.php on line 251.
 1 APPPATH\Views\configuracion.php(251): CodeIgniter\Debug\Exceptions->errorHandler(2, 'Undefined variable $resultadoconfiguracion', 'C:\\xampp\\htdocs\\Punto_De_Venta\\app\\Views\\configuracion.php', 251)
 2 SYSTEMPATH\View\View.php(226): include('C:\\xampp\\htdocs\\Punto_De_Venta\\app\\Views\\configuracion.php')
 3 SYSTEMPATH\View\View.php(229): CodeIgniter\View\View->CodeIgniter\View\{closure}()
 4 SYSTEMPATH\Common.php(1178): CodeIgniter\View\View->render('configuracion', [], true)
 5 APPPATH\Controllers\ConfiguracionController.php(29): view('configuracion', [...])
 6 SYSTEMPATH\CodeIgniter.php(915): App\Controllers\ConfiguracionController->configuracion()
 7 SYSTEMPATH\CodeIgniter.php(492): CodeIgniter\CodeIgniter->runController(Object(App\Controllers\ConfiguracionController))
 8 SYSTEMPATH\CodeIgniter.php(353): CodeIgniter\CodeIgniter->handleRequest(null, Object(Config\Cache), false)
 9 FCPATH\index.php(79): CodeIgniter\CodeIgniter->run()
CRITICAL - 2023-10-25 02:28:05 --> syntax error, unexpected token "<"
in APPPATH\Views\configuracion.php on line 234.
 1 SYSTEMPATH\View\View.php(229): CodeIgniter\View\View->CodeIgniter\View\{closure}()
 2 SYSTEMPATH\Common.php(1178): CodeIgniter\View\View->render('configuracion', [], true)
 3 APPPATH\Controllers\ConfiguracionController.php(29): view('configuracion', [...])
 4 SYSTEMPATH\CodeIgniter.php(915): App\Controllers\ConfiguracionController->configuracion()
 5 SYSTEMPATH\CodeIgniter.php(492): CodeIgniter\CodeIgniter->runController(Object(App\Controllers\ConfiguracionController))
 6 SYSTEMPATH\CodeIgniter.php(353): CodeIgniter\CodeIgniter->handleRequest(null, Object(Config\Cache), false)
 7 FCPATH\index.php(79): CodeIgniter\CodeIgniter->run()
CRITICAL - 2023-10-25 02:29:01 --> Undefined array key "telefono"
in APPPATH\Views\configuracion.php on line 234.
 1 APPPATH\Views\configuracion.php(234): CodeIgniter\Debug\Exceptions->errorHandler(2, 'Undefined array key "telefono"', 'C:\\xampp\\htdocs\\Punto_De_Venta\\app\\Views\\configuracion.php', 234)
 2 SYSTEMPATH\View\View.php(226): include('C:\\xampp\\htdocs\\Punto_De_Venta\\app\\Views\\configuracion.php')
 3 SYSTEMPATH\View\View.php(229): CodeIgniter\View\View->CodeIgniter\View\{closure}()
 4 SYSTEMPATH\Common.php(1178): CodeIgniter\View\View->render('configuracion', [], true)
 5 APPPATH\Controllers\ConfiguracionController.php(29): view('configuracion', [...])
 6 SYSTEMPATH\CodeIgniter.php(915): App\Controllers\ConfiguracionController->configuracion()
 7 SYSTEMPATH\CodeIgniter.php(492): CodeIgniter\CodeIgniter->runController(Object(App\Controllers\ConfiguracionController))
 8 SYSTEMPATH\CodeIgniter.php(353): CodeIgniter\CodeIgniter->handleRequest(null, Object(Config\Cache), false)
 9 FCPATH\index.php(79): CodeIgniter\CodeIgniter->run()
